<?xml version="1.0" encoding="UTF-8"?>
<testsuite name="com.example.ics.IcsApplicationTests" tests="1" skipped="0" failures="0" errors="0" timestamp="2023-05-11T14:56:17" hostname="Georgis-MacBook-Pro.local" time="0.06">
  <properties/>
  <testcase name="contextLoads()" classname="com.example.ics.IcsApplicationTests" time="0.06"/>
  <system-out><![CDATA[17:56:11.649 [Test worker] DEBUG org.springframework.boot.test.context.SpringBootTestContextBootstrapper -- Neither @ContextConfiguration nor @ContextHierarchy found for test class [IcsApplicationTests]: using SpringBootContextLoader
17:56:11.652 [Test worker] DEBUG org.springframework.test.context.support.AbstractContextLoader -- Could not detect default resource locations for test class [com.example.ics.IcsApplicationTests]: no resource found for suffixes {-context.xml, Context.groovy}.
17:56:11.652 [Test worker] INFO org.springframework.test.context.support.AnnotationConfigContextLoaderUtils -- Could not detect default configuration classes for test class [com.example.ics.IcsApplicationTests]: IcsApplicationTests does not declare any static, non-private, non-final, nested classes annotated with @Configuration.
17:56:11.664 [Test worker] DEBUG org.springframework.boot.test.context.SpringBootTestContextBootstrapper -- Using ContextCustomizers for test class [IcsApplicationTests]: [DisableObservabilityContextCustomizer, PropertyMappingContextCustomizer, Customizer, ExcludeFilterContextCustomizer, DuplicateJsonObjectContextCustomizer, MockitoContextCustomizer, TestRestTemplateContextCustomizer]
17:56:11.699 [Test worker] DEBUG org.springframework.context.annotation.ClassPathScanningCandidateComponentProvider -- Identified candidate component class: file [/Users/georgicholev/Documents/ics/build/classes/java/main/com/example/ics/IcsApplication.class]
17:56:11.700 [Test worker] INFO org.springframework.boot.test.context.SpringBootTestContextBootstrapper -- Found @SpringBootConfiguration com.example.ics.IcsApplication for test class com.example.ics.IcsApplicationTests
17:56:11.736 [Test worker] DEBUG org.springframework.boot.test.context.SpringBootTestContextBootstrapper -- Using TestExecutionListeners for test class [IcsApplicationTests]: [ServletTestExecutionListener, DirtiesContextBeforeModesTestExecutionListener, ApplicationEventsTestExecutionListener, MockitoTestExecutionListener, DependencyInjectionTestExecutionListener, DirtiesContextTestExecutionListener, TransactionalTestExecutionListener, SqlScriptsTestExecutionListener, EventPublishingTestExecutionListener, RestDocsTestExecutionListener, MockRestServiceServerResetTestExecutionListener, MockMvcPrintOnlyOnFailureTestExecutionListener, WebDriverTestExecutionListener, MockWebServiceServerTestExecutionListener, ResetMocksTestExecutionListener]
17:56:11.736 [Test worker] DEBUG org.springframework.test.context.support.AbstractDirtiesContextTestExecutionListener -- Before test class: class [IcsApplicationTests], class annotated with @DirtiesContext [false] with mode [null]

  .   ____          _            __ _ _
 /\\ / ___'_ __ _ _(_)_ __  __ _ \ \ \ \
( ( )\___ | '_ | '_| | '_ \/ _` | \ \ \ \
 \\/  ___)| |_)| | | | | || (_| |  ) ) ) )
  '  |____| .__|_| |_|_| |_\__, | / / / /
 =========|_|==============|___/=/_/_/_/
 :: Spring Boot ::                (v3.0.6)

2023-05-11T17:56:11.867+03:00  INFO 83491 --- [    Test worker] com.example.ics.IcsApplicationTests      : Starting IcsApplicationTests using Java 17.0.2 with PID 83491 (started by georgicholev in /Users/georgicholev/Documents/ics)
2023-05-11T17:56:11.868+03:00  INFO 83491 --- [    Test worker] com.example.ics.IcsApplicationTests      : No active profile set, falling back to 1 default profile: "default"
2023-05-11T17:56:12.117+03:00  INFO 83491 --- [    Test worker] .s.d.r.c.RepositoryConfigurationDelegate : Bootstrapping Spring Data JPA repositories in DEFAULT mode.
2023-05-11T17:56:12.144+03:00  INFO 83491 --- [    Test worker] .s.d.r.c.RepositoryConfigurationDelegate : Finished Spring Data repository scanning in 24 ms. Found 2 JPA repository interfaces.
2023-05-11T17:56:12.309+03:00  INFO 83491 --- [    Test worker] o.hibernate.jpa.internal.util.LogHelper  : HHH000204: Processing PersistenceUnitInfo [name: default]
2023-05-11T17:56:12.326+03:00  INFO 83491 --- [    Test worker] org.hibernate.Version                    : HHH000412: Hibernate ORM core version 6.1.7.Final
2023-05-11T17:56:12.413+03:00 DEBUG 83491 --- [    Test worker] o.h.t.d.jdbc.spi.JdbcTypeRegistry        : addDescriptor(FloatTypeDescriptor) replaced previous registration(DoubleTypeDescriptor)
2023-05-11T17:56:12.438+03:00  INFO 83491 --- [    Test worker] com.zaxxer.hikari.HikariDataSource       : HikariPool-1 - Starting...
2023-05-11T17:56:14.272+03:00  INFO 83491 --- [    Test worker] com.zaxxer.hikari.pool.HikariPool        : HikariPool-1 - Added connection org.postgresql.jdbc.PgConnection@612af486
2023-05-11T17:56:14.273+03:00  INFO 83491 --- [    Test worker] com.zaxxer.hikari.HikariDataSource       : HikariPool-1 - Start completed.
2023-05-11T17:56:14.472+03:00  INFO 83491 --- [    Test worker] SQL dialect                              : HHH000400: Using dialect: org.hibernate.dialect.PostgreSQLDialect
2023-05-11T17:56:14.842+03:00 DEBUG 83491 --- [    Test worker] o.h.t.d.sql.spi.DdlTypeRegistry          : addDescriptor(6, org.hibernate.type.descriptor.sql.internal.CapacityDependentDdlType@3005623b) replaced previous registration(org.hibernate.type.descriptor.sql.internal.DdlTypeImpl@58aa5c94)
2023-05-11T17:56:14.846+03:00 DEBUG 83491 --- [    Test worker] o.h.t.d.jdbc.spi.JdbcTypeRegistry        : addDescriptor(2004, BlobTypeDescriptor(BLOB_BINDING)) replaced previous registration(BlobTypeDescriptor(DEFAULT))
2023-05-11T17:56:14.846+03:00 DEBUG 83491 --- [    Test worker] o.h.t.d.jdbc.spi.JdbcTypeRegistry        : addDescriptor(2005, ClobTypeDescriptor(CLOB_BINDING)) replaced previous registration(ClobTypeDescriptor(DEFAULT))
2023-05-11T17:56:14.847+03:00 DEBUG 83491 --- [    Test worker] o.h.t.d.jdbc.spi.JdbcTypeRegistry        : addDescriptor(3003, TimestampUtcDescriptor) replaced previous registration(TimestampUtcDescriptor)
2023-05-11T17:56:15.168+03:00 DEBUG 83491 --- [    Test worker] org.hibernate.SQL                        : 
    
    alter table if exists images_tags 
       drop constraint if exists FK6oqh5jec0q3ijtx1qqpmyf19v
2023-05-11T17:56:15.344+03:00  WARN 83491 --- [    Test worker] o.h.engine.jdbc.spi.SqlExceptionHelper   : SQL Warning Code: 0, SQLState: 00000
2023-05-11T17:56:15.344+03:00  WARN 83491 --- [    Test worker] o.h.engine.jdbc.spi.SqlExceptionHelper   : relation "images_tags" does not exist, skipping
2023-05-11T17:56:15.344+03:00 DEBUG 83491 --- [    Test worker] org.hibernate.SQL                        : 
    
    alter table if exists images_tags 
       drop constraint if exists FK21f4xbrqud8fwi845gh5n9b6n
2023-05-11T17:56:15.518+03:00  WARN 83491 --- [    Test worker] o.h.engine.jdbc.spi.SqlExceptionHelper   : SQL Warning Code: 0, SQLState: 00000
2023-05-11T17:56:15.518+03:00  WARN 83491 --- [    Test worker] o.h.engine.jdbc.spi.SqlExceptionHelper   : relation "images_tags" does not exist, skipping
2023-05-11T17:56:15.518+03:00 DEBUG 83491 --- [    Test worker] org.hibernate.SQL                        : 
    
    drop table if exists images cascade
2023-05-11T17:56:15.695+03:00  WARN 83491 --- [    Test worker] o.h.engine.jdbc.spi.SqlExceptionHelper   : SQL Warning Code: 0, SQLState: 00000
2023-05-11T17:56:15.696+03:00  WARN 83491 --- [    Test worker] o.h.engine.jdbc.spi.SqlExceptionHelper   : table "images" does not exist, skipping
2023-05-11T17:56:15.696+03:00 DEBUG 83491 --- [    Test worker] org.hibernate.SQL                        : 
    
    drop table if exists images_tags cascade
2023-05-11T17:56:15.872+03:00  WARN 83491 --- [    Test worker] o.h.engine.jdbc.spi.SqlExceptionHelper   : SQL Warning Code: 0, SQLState: 00000
2023-05-11T17:56:15.872+03:00  WARN 83491 --- [    Test worker] o.h.engine.jdbc.spi.SqlExceptionHelper   : table "images_tags" does not exist, skipping
2023-05-11T17:56:15.873+03:00 DEBUG 83491 --- [    Test worker] org.hibernate.SQL                        : 
    
    drop table if exists tags cascade
2023-05-11T17:56:16.046+03:00  WARN 83491 --- [    Test worker] o.h.engine.jdbc.spi.SqlExceptionHelper   : SQL Warning Code: 0, SQLState: 00000
2023-05-11T17:56:16.047+03:00  WARN 83491 --- [    Test worker] o.h.engine.jdbc.spi.SqlExceptionHelper   : table "tags" does not exist, skipping
2023-05-11T17:56:16.050+03:00 DEBUG 83491 --- [    Test worker] org.hibernate.SQL                        : 
    
    create table images (
       id bigserial not null,
        analysed_at timestamp(6) not null,
        height integer not null,
        url varchar(255) not null,
        width integer not null,
        primary key (id)
    )
2023-05-11T17:56:16.243+03:00 DEBUG 83491 --- [    Test worker] org.hibernate.SQL                        : 
    
    create table images_tags (
       image_id bigint not null,
        tag_id bigint not null,
        primary key (image_id, tag_id)
    )
2023-05-11T17:56:16.425+03:00 DEBUG 83491 --- [    Test worker] org.hibernate.SQL                        : 
    
    create table tags (
       id bigserial not null,
        confidence integer not null,
        name varchar(255) not null,
        primary key (id)
    )
2023-05-11T17:56:16.612+03:00 DEBUG 83491 --- [    Test worker] org.hibernate.SQL                        : 
    
    alter table if exists images 
       add constraint UK_1geq4ru4qgqmdel0mhpejdsfb unique (url)
2023-05-11T17:56:16.797+03:00 DEBUG 83491 --- [    Test worker] org.hibernate.SQL                        : 
    
    alter table if exists images_tags 
       add constraint FK6oqh5jec0q3ijtx1qqpmyf19v 
       foreign key (tag_id) 
       references tags
2023-05-11T17:56:16.976+03:00 DEBUG 83491 --- [    Test worker] org.hibernate.SQL                        : 
    
    alter table if exists images_tags 
       add constraint FK21f4xbrqud8fwi845gh5n9b6n 
       foreign key (image_id) 
       references images
2023-05-11T17:56:17.161+03:00  INFO 83491 --- [    Test worker] o.h.e.t.j.p.i.JtaPlatformInitiator       : HHH000490: Using JtaPlatform implementation: [org.hibernate.engine.transaction.jta.platform.internal.NoJtaPlatform]
2023-05-11T17:56:17.171+03:00  INFO 83491 --- [    Test worker] j.LocalContainerEntityManagerFactoryBean : Initialized JPA EntityManagerFactory for persistence unit 'default'
2023-05-11T17:56:17.535+03:00  INFO 83491 --- [    Test worker] com.example.ics.IcsApplicationTests      : Started IcsApplicationTests in 5.784 seconds (process running for 6.238)
Test case Log
]]></system-out>
  <system-err><![CDATA[]]></system-err>
</testsuite>
